<?xml version="1.0" encoding="UTF-8"?>
<!-- Generated by org.testng.reporters.JUnitReportReporter -->
<testsuite skipped="0" hostname="IBM-Testing01" name="NewTest" tests="1" failures="0" timestamp="27 Dec 2019 10:34:20 GMT" time="1.175" errors="0">
  <testcase name="InvalidPassword" time="1.175" classname="NewTest"/>
</testsuite> <!-- NewTest -->
