<?xml version="1.0" encoding="UTF-8"?>
<!-- Generated by org.testng.reporters.JUnitReportReporter -->
<testsuite skipped="0" hostname="IBM-Testing01" name="Invalid_login" tests="1" failures="0" timestamp="27 Dec 2019 11:47:04 GMT" time="1.137" errors="0">
  <testcase name="InvalidPassword" time="1.137" classname="Invalid_login"/>
</testsuite> <!-- Invalid_login -->
